-------------------------------------------------------------------------------
Test set: com.bingbaihanji.bdec.BytecodeTestRoundTripTest
-------------------------------------------------------------------------------
Tests run: 11, Failures: 3, Errors: 0, Skipped: 0, Time elapsed: 1.501 s <<< FAILURE! -- in com.bingbaihanji.bdec.BytecodeTestRoundTripTest
com.bingbaihanji.bdec.BytecodeTestRoundTripTest.testTestClass1RoundTrip -- Time elapsed: 0.318 s <<< FAILURE!
org.junit.ComparisonFailure: 
expected:<[OK]> but was:<[COMPILE FAILED:
C:\Users\bingb\AppData\Local\Temp\bdec-bytetest-12710341683492825454\compile-10804329833301135343\TestClass1.java:61: 错误: 不是语句
                    "big";
                    ^
C:\Users\bingb\AppData\Local\Temp\bdec-bytetest-12710341683492825454\compile-10804329833301135343\TestClass1.java:84: 错误: 不是语句
            1;
            ^
2 个错误
]>
	at org.junit.Assert.assertEquals(Assert.java:117)
	at org.junit.Assert.assertEquals(Assert.java:146)
	at com.bingbaihanji.bdec.BytecodeTestRoundTripTest.testTestClass1RoundTrip(BytecodeTestRoundTripTest.java:170)
	at java.base/jdk.internal.reflect.DirectMethodHandleAccessor.invoke(DirectMethodHandleAccessor.java:104)
	at java.base/java.lang.reflect.Method.invoke(Method.java:565)
	at org.junit.runners.model.FrameworkMethod$1.runReflectiveCall(FrameworkMethod.java:59)
	at org.junit.internal.runners.model.ReflectiveCallable.run(ReflectiveCallable.java:12)
	at org.junit.runners.model.FrameworkMethod.invokeExplosively(FrameworkMethod.java:56)
	at org.junit.internal.runners.statements.InvokeMethod.evaluate(InvokeMethod.java:17)
	at org.junit.internal.runners.statements.RunBefores.evaluate(RunBefores.java:26)
	at org.junit.internal.runners.statements.RunAfters.evaluate(RunAfters.java:27)
	at org.junit.runners.ParentRunner$3.evaluate(ParentRunner.java:306)
	at org.junit.runners.BlockJUnit4ClassRunner$1.evaluate(BlockJUnit4ClassRunner.java:100)
	at org.junit.runners.ParentRunner.runLeaf(ParentRunner.java:366)
	at org.junit.runners.BlockJUnit4ClassRunner.runChild(BlockJUnit4ClassRunner.java:103)
	at org.junit.runners.BlockJUnit4ClassRunner.runChild(BlockJUnit4ClassRunner.java:63)
	at org.junit.runners.ParentRunner$4.run(ParentRunner.java:331)
	at org.junit.runners.ParentRunner$1.schedule(ParentRunner.java:79)
	at org.junit.runners.ParentRunner.runChildren(ParentRunner.java:329)
	at org.junit.runners.ParentRunner.access$100(ParentRunner.java:66)
	at org.junit.runners.ParentRunner$2.evaluate(ParentRunner.java:293)
	at org.junit.runners.ParentRunner$3.evaluate(ParentRunner.java:306)
	at org.junit.runners.ParentRunner.run(ParentRunner.java:413)
	at org.apache.maven.surefire.junit4.JUnit4Provider.execute(JUnit4Provider.java:316)
	at org.apache.maven.surefire.junit4.JUnit4Provider.executeWithRerun(JUnit4Provider.java:240)
	at org.apache.maven.surefire.junit4.JUnit4Provider.executeTestSet(JUnit4Provider.java:214)
	at org.apache.maven.surefire.junit4.JUnit4Provider.invoke(JUnit4Provider.java:155)
	at org.apache.maven.surefire.booter.ForkedBooter.runSuitesInProcess(ForkedBooter.java:385)
	at org.apache.maven.surefire.booter.ForkedBooter.execute(ForkedBooter.java:162)
	at org.apache.maven.surefire.booter.ForkedBooter.run(ForkedBooter.java:507)
	at org.apache.maven.surefire.booter.ForkedBooter.main(ForkedBooter.java:495)

com.bingbaihanji.bdec.BytecodeTestRoundTripTest.testEnumDemoRoundTrip -- Time elapsed: 0.083 s <<< FAILURE!
org.junit.ComparisonFailure: 
expected:<[OK]> but was:<[COMPILE FAILED:
C:\Users\bingb\AppData\Local\Temp\bdec-bytetest-9078383743771057187\compile-15289801179688115179\EnumDemo.java:3: 错误: EnumDemo不是抽象的, 并且未覆盖EnumDemo中的抽象方法action()
public enum EnumDemo {
       ^
C:\Users\bingb\AppData\Local\Temp\bdec-bytetest-9078383743771057187\compile-15289801179688115179\EnumDemo.java:4: 错误: 无法将枚举 EnumDemo中的构造器 EnumDemo应用到给定类型;
    ONE, TWO;
    ^
  需要: int
  找到:    没有参数
  原因: 实际参数列表和形式参数列表长度不同
C:\Users\bingb\AppData\Local\Temp\bdec-bytetest-9078383743771057187\compile-15289801179688115179\EnumDemo.java:4: 错误: 无法将枚举 EnumDemo中的构造器 EnumDemo应用到给定类型;
    ONE, TWO;
         ^
  需要: int
  找到:    没有参数
  原因: 实际参数列表和形式参数列表长度不同
C:\Users\bingb\AppData\Local\Temp\bdec-bytetest-9078383743771057187\compile-15289801179688115179\EnumDemo.java:8: 错误: 在枚举构造器中不允许调用超类
        int var2 = 0;
            ^
C:\Users\bingb\AppData\Local\Temp\bdec-bytetest-9078383743771057187\compile-15289801179688115179\EnumDemo.java:10: 错误: 无法将类 Enum<E>中的构造器 Enum应用到给定类型;
        super(var1, var2);
        ^
  需要: String,int
  找到:    String,int,int,int
  原因: 实际参数列表和形式参数列表长度不同
  其中, E是类型变量:
    E扩展已在类 Enum中声明的Enum<E>
C:\Users\bingb\AppData\Local\Temp\bdec-bytetest-9078383743771057187\compile-15289801179688115179\EnumDemo.java:19: 错误: 无法为 static final 变量 ONE 分配值
        ONE = varUnresolved;
        ^
C:\Users\bingb\AppData\Local\Temp\bdec-bytetest-9078383743771057187\compile-15289801179688115179\EnumDemo.java:19: 错误: 不兼容的类型: int无法转换为EnumDemo
        ONE = varUnresolved;
              ^
C:\Users\bingb\AppData\Local\Temp\bdec-bytetest-9078383743771057187\compile-15289801179688115179\EnumDemo.java:20: 错误: 无法为 static final 变量 TWO 分配值
        TWO = varUnresolved;
        ^
C:\Users\bingb\AppData\Local\Temp\bdec-bytetest-9078383743771057187\compile-15289801179688115179\EnumDemo.java:20: 错误: 不兼容的类型: int无法转换为EnumDemo
        TWO = varUnresolved;
              ^
C:\Users\bingb\AppData\Local\Temp\bdec-bytetest-9078383743771057187\compile-15289801179688115179\EnumDemo.java:21: 错误: 不兼容的类型: int无法转换为EnumDemo[]
        $VALUES = varUnresolved;
                  ^
10 个错误
]>
	at org.junit.Assert.assertEquals(Assert.java:117)
	at org.junit.Assert.assertEquals(Assert.java:146)
	at com.bingbaihanji.bdec.BytecodeTestRoundTripTest.testEnumDemoRoundTrip(BytecodeTestRoundTripTest.java:136)
	at java.base/jdk.internal.reflect.DirectMethodHandleAccessor.invoke(DirectMethodHandleAccessor.java:104)
	at java.base/java.lang.reflect.Method.invoke(Method.java:565)
	at org.junit.runners.model.FrameworkMethod$1.runReflectiveCall(FrameworkMethod.java:59)
	at org.junit.internal.runners.model.ReflectiveCallable.run(ReflectiveCallable.java:12)
	at org.junit.runners.model.FrameworkMethod.invokeExplosively(FrameworkMethod.java:56)
	at org.junit.internal.runners.statements.InvokeMethod.evaluate(InvokeMethod.java:17)
	at org.junit.internal.runners.statements.RunBefores.evaluate(RunBefores.java:26)
	at org.junit.internal.runners.statements.RunAfters.evaluate(RunAfters.java:27)
	at org.junit.runners.ParentRunner$3.evaluate(ParentRunner.java:306)
	at org.junit.runners.BlockJUnit4ClassRunner$1.evaluate(BlockJUnit4ClassRunner.java:100)
	at org.junit.runners.ParentRunner.runLeaf(ParentRunner.java:366)
	at org.junit.runners.BlockJUnit4ClassRunner.runChild(BlockJUnit4ClassRunner.java:103)
	at org.junit.runners.BlockJUnit4ClassRunner.runChild(BlockJUnit4ClassRunner.java:63)
	at org.junit.runners.ParentRunner$4.run(ParentRunner.java:331)
	at org.junit.runners.ParentRunner$1.schedule(ParentRunner.java:79)
	at org.junit.runners.ParentRunner.runChildren(ParentRunner.java:329)
	at org.junit.runners.ParentRunner.access$100(ParentRunner.java:66)
	at org.junit.runners.ParentRunner$2.evaluate(ParentRunner.java:293)
	at org.junit.runners.ParentRunner$3.evaluate(ParentRunner.java:306)
	at org.junit.runners.ParentRunner.run(ParentRunner.java:413)
	at org.apache.maven.surefire.junit4.JUnit4Provider.execute(JUnit4Provider.java:316)
	at org.apache.maven.surefire.junit4.JUnit4Provider.executeWithRerun(JUnit4Provider.java:240)
	at org.apache.maven.surefire.junit4.JUnit4Provider.executeTestSet(JUnit4Provider.java:214)
	at org.apache.maven.surefire.junit4.JUnit4Provider.invoke(JUnit4Provider.java:155)
	at org.apache.maven.surefire.booter.ForkedBooter.runSuitesInProcess(ForkedBooter.java:385)
	at org.apache.maven.surefire.booter.ForkedBooter.execute(ForkedBooter.java:162)
	at org.apache.maven.surefire.booter.ForkedBooter.run(ForkedBooter.java:507)
	at org.apache.maven.surefire.booter.ForkedBooter.main(ForkedBooter.java:495)

com.bingbaihanji.bdec.BytecodeTestRoundTripTest.testTestClass2RoundTrip -- Time elapsed: 0.069 s <<< FAILURE!
org.junit.ComparisonFailure: 
expected:<[OK]> but was:<[COMPILE FAILED:
C:\Users\bingb\AppData\Local\Temp\bdec-bytetest-15345744957895273062\compile-9390322148944127478\TestClass2.java:60: 错误: 不是语句
            System.out;
                  ^
C:\Users\bingb\AppData\Local\Temp\bdec-bytetest-15345744957895273062\compile-9390322148944127478\TestClass2.java:77: 错误: 不是语句
                    System.out;
                          ^
C:\Users\bingb\AppData\Local\Temp\bdec-bytetest-15345744957895273062\compile-9390322148944127478\TestClass2.java:106: 错误: 不是语句
        "positive int";
        ^
C:\Users\bingb\AppData\Local\Temp\bdec-bytetest-15345744957895273062\compile-9390322148944127478\TestClass2.java:109: 错误: 不是语句
            "non-positive int";
            ^
C:\Users\bingb\AppData\Local\Temp\bdec-bytetest-15345744957895273062\compile-9390322148944127478\TestClass2.java:111: 错误: 不是语句
        "" + (String) var2;
           ^
C:\Users\bingb\AppData\Local\Temp\bdec-bytetest-15345744957895273062\compile-9390322148944127478\TestClass2.java:112: 错误: 不是语句
        "null value";
        ^
C:\Users\bingb\AppData\Local\Temp\bdec-bytetest-15345744957895273062\compile-9390322148944127478\TestClass2.java:113: 错误: 不是语句
        "unknown";
        ^
C:\Users\bingb\AppData\Local\Temp\bdec-bytetest-15345744957895273062\compile-9390322148944127478\TestClass2.java:128: 错误: 非法的表达式开始
            () -> /* lambda$unnamedDemo$0 */;
                                            ^
C:\Users\bingb\AppData\Local\Temp\bdec-bytetest-15345744957895273062\compile-9390322148944127478\TestClass2.java:128: 错误: 不是语句
            () -> /* lambda$unnamedDemo$0 */;
            ^
C:\Users\bingb\AppData\Local\Temp\bdec-bytetest-15345744957895273062\compile-9390322148944127478\TestClass2.java:144: 错误: 非法的表达式开始
        () -> /* lambda$streamDemo$0 */;
                                       ^
C:\Users\bingb\AppData\Local\Temp\bdec-bytetest-15345744957895273062\compile-9390322148944127478\TestClass2.java:144: 错误: 不是语句
        () -> /* lambda$streamDemo$0 */;
        ^
11 个错误
]>
	at org.junit.Assert.assertEquals(Assert.java:117)
	at org.junit.Assert.assertEquals(Assert.java:146)
	at com.bingbaihanji.bdec.BytecodeTestRoundTripTest.testTestClass2RoundTrip(BytecodeTestRoundTripTest.java:180)
	at java.base/jdk.internal.reflect.DirectMethodHandleAccessor.invoke(DirectMethodHandleAccessor.java:104)
	at java.base/java.lang.reflect.Method.invoke(Method.java:565)
	at org.junit.runners.model.FrameworkMethod$1.runReflectiveCall(FrameworkMethod.java:59)
	at org.junit.internal.runners.model.ReflectiveCallable.run(ReflectiveCallable.java:12)
	at org.junit.runners.model.FrameworkMethod.invokeExplosively(FrameworkMethod.java:56)
	at org.junit.internal.runners.statements.InvokeMethod.evaluate(InvokeMethod.java:17)
	at org.junit.internal.runners.statements.RunBefores.evaluate(RunBefores.java:26)
	at org.junit.internal.runners.statements.RunAfters.evaluate(RunAfters.java:27)
	at org.junit.runners.ParentRunner$3.evaluate(ParentRunner.java:306)
	at org.junit.runners.BlockJUnit4ClassRunner$1.evaluate(BlockJUnit4ClassRunner.java:100)
	at org.junit.runners.ParentRunner.runLeaf(ParentRunner.java:366)
	at org.junit.runners.BlockJUnit4ClassRunner.runChild(BlockJUnit4ClassRunner.java:103)
	at org.junit.runners.BlockJUnit4ClassRunner.runChild(BlockJUnit4ClassRunner.java:63)
	at org.junit.runners.ParentRunner$4.run(ParentRunner.java:331)
	at org.junit.runners.ParentRunner$1.schedule(ParentRunner.java:79)
	at org.junit.runners.ParentRunner.runChildren(ParentRunner.java:329)
	at org.junit.runners.ParentRunner.access$100(ParentRunner.java:66)
	at org.junit.runners.ParentRunner$2.evaluate(ParentRunner.java:293)
	at org.junit.runners.ParentRunner$3.evaluate(ParentRunner.java:306)
	at org.junit.runners.ParentRunner.run(ParentRunner.java:413)
	at org.apache.maven.surefire.junit4.JUnit4Provider.execute(JUnit4Provider.java:316)
	at org.apache.maven.surefire.junit4.JUnit4Provider.executeWithRerun(JUnit4Provider.java:240)
	at org.apache.maven.surefire.junit4.JUnit4Provider.executeTestSet(JUnit4Provider.java:214)
	at org.apache.maven.surefire.junit4.JUnit4Provider.invoke(JUnit4Provider.java:155)
	at org.apache.maven.surefire.booter.ForkedBooter.runSuitesInProcess(ForkedBooter.java:385)
	at org.apache.maven.surefire.booter.ForkedBooter.execute(ForkedBooter.java:162)
	at org.apache.maven.surefire.booter.ForkedBooter.run(ForkedBooter.java:507)
	at org.apache.maven.surefire.booter.ForkedBooter.main(ForkedBooter.java:495)

