<?xml version="1.0" encoding="UTF-8"?>
<testsuite xmlns:xsi="http://www.w3.org/2001/XMLSchema-instance" xsi:noNamespaceSchemaLocation="https://maven.apache.org/surefire/maven-surefire-plugin/xsd/surefire-test-report-3.0.xsd" version="3.0" name="com.bingbaihanji.bdec.type.TypeResolverTest" time="0.0" tests="5" errors="0" skipped="0" failures="0">
  <properties>
[...]
</properties>
  <testcase name="testClassDescriptor" classname="com.bingbaihanji.bdec.type.TypeResolverTest" time="0.0"/>
  <testcase name="testMethodDescriptor" classname="com.bingbaihanji.bdec.type.TypeResolverTest" time="0.0"/>
  <testcase name="testSlotCount" classname="com.bingbaihanji.bdec.type.TypeResolverTest" time="0.0"/>
  <testcase name="testPrimitiveDescriptors" classname="com.bingbaihanji.bdec.type.TypeResolverTest" time="0.0"/>
  <testcase name="testArrayDescriptor" classname="com.bingbaihanji.bdec.type.TypeResolverTest" time="0.0"/>
</testsuite>