<?xml version="1.0" encoding="UTF-8"?>
<testsuite xmlns:xsi="http://www.w3.org/2001/XMLSchema-instance" xsi:noNamespaceSchemaLocation="https://maven.apache.org/surefire/maven-surefire-plugin/xsd/surefire-test-report-3.0.xsd" version="3.0" name="com.bingbaihanji.bdec.BytecodeTestRoundTripTest" time="1.341" tests="11" errors="0" skipped="0" failures="4">
  <properties>
[...]
</properties>
  <testcase name="testInterfaceBRoundTrip" classname="com.bingbaihanji.bdec.BytecodeTestRoundTripTest" time="0.489"/>
  <testcase name="testTestClass1RoundTrip" classname="com.bingbaihanji.bdec.BytecodeTestRoundTripTest" time="0.243">
    <failure message="expected:&lt;[OK]&gt; but was:&lt;[COMPILE FAILED:&#10;C:\Users\bingb\AppData\Local\Temp\bdec-bytetest-3484248134621187194\compile-7754379464616768993\TestClass1.java:61: 错误: 不是语句&#10;                    &quot;big&quot;;&#10;                    ^&#10;1 个错误&#10;]&gt;" type="org.junit.ComparisonFailure"><![CDATA[org.junit.ComparisonFailure: 
expected:<[OK]> but was:<[COMPILE FAILED:
C:\Users\bingb\AppData\Local\Temp\bdec-bytetest-3484248134621187194\compile-7754379464616768993\TestClass1.java:61: 错误: 不是语句
                    "big";
                    ^
1 个错误
]>
	at org.junit.Assert.assertEquals(Assert.java:117)
	at org.junit.Assert.assertEquals(Assert.java:146)
	at com.bingbaihanji.bdec.BytecodeTestRoundTripTest.testTestClass1RoundTrip(BytecodeTestRoundTripTest.java:170)
	at java.base/jdk.internal.reflect.DirectMethodHandleAccessor.invoke(DirectMethodHandleAccessor.java:104)
	at java.base/java.lang.reflect.Method.invoke(Method.java:565)
	at org.junit.runners.model.FrameworkMethod$1.runReflectiveCall(FrameworkMethod.java:59)
	at org.junit.internal.runners.model.ReflectiveCallable.run(ReflectiveCallable.java:12)
	at org.junit.runners.model.FrameworkMethod.invokeExplosively(FrameworkMethod.java:56)
	at org.junit.internal.runners.statements.InvokeMethod.evaluate(InvokeMethod.java:17)
	at org.junit.internal.runners.statements.RunBefores.evaluate(RunBefores.java:26)
	at org.junit.internal.runners.statements.RunAfters.evaluate(RunAfters.java:27)
	at org.junit.runners.ParentRunner$3.evaluate(ParentRunner.java:306)
	at org.junit.runners.BlockJUnit4ClassRunner$1.evaluate(BlockJUnit4ClassRunner.java:100)
	at org.junit.runners.ParentRunner.runLeaf(ParentRunner.java:366)
	at org.junit.runners.BlockJUnit4ClassRunner.runChild(BlockJUnit4ClassRunner.java:103)
	at org.junit.runners.BlockJUnit4ClassRunner.runChild(BlockJUnit4ClassRunner.java:63)
	at org.junit.runners.ParentRunner$4.run(ParentRunner.java:331)
	at org.junit.runners.ParentRunner$1.schedule(ParentRunner.java:79)
	at org.junit.runners.ParentRunner.runChildren(ParentRunner.java:329)
	at org.junit.runners.ParentRunner.access$100(ParentRunner.java:66)
	at org.junit.runners.ParentRunner$2.evaluate(ParentRunner.java:293)
	at org.junit.runners.ParentRunner$3.evaluate(ParentRunner.java:306)
	at org.junit.runners.ParentRunner.run(ParentRunner.java:413)
	at org.apache.maven.surefire.junit4.JUnit4Provider.execute(JUnit4Provider.java:316)
	at org.apache.maven.surefire.junit4.JUnit4Provider.executeWithRerun(JUnit4Provider.java:240)
	at org.apache.maven.surefire.junit4.JUnit4Provider.executeTestSet(JUnit4Provider.java:214)
	at org.apache.maven.surefire.junit4.JUnit4Provider.invoke(JUnit4Provider.java:155)
	at org.apache.maven.surefire.booter.ForkedBooter.runSuitesInProcess(ForkedBooter.java:385)
	at org.apache.maven.surefire.booter.ForkedBooter.execute(ForkedBooter.java:162)
	at org.apache.maven.surefire.booter.ForkedBooter.run(ForkedBooter.java:507)
	at org.apache.maven.surefire.booter.ForkedBooter.main(ForkedBooter.java:495)
]]></failure>
    <system-out><![CDATA[Static initializer
]]></system-out>
    <system-err><![CDATA[=== TestClass1 decompile/compile failure ===
COMPILE FAILED:
C:\Users\bingb\AppData\Local\Temp\bdec-bytetest-3484248134621187194\compile-7754379464616768993\TestClass1.java:61: 错误: 不是语句
                    "big";
                    ^
1 个错误

]]></system-err>
  </testcase>
  <testcase name="testInterfaceARoundTrip" classname="com.bingbaihanji.bdec.BytecodeTestRoundTripTest" time="0.085"/>
  <testcase name="testSealedChild2RoundTrip" classname="com.bingbaihanji.bdec.BytecodeTestRoundTripTest" time="0.063"/>
  <testcase name="testSealedChild1RoundTrip" classname="com.bingbaihanji.bdec.BytecodeTestRoundTripTest" time="0.055"/>
  <testcase name="testEnumDemoRoundTrip" classname="com.bingbaihanji.bdec.BytecodeTestRoundTripTest" time="0.039">
    <failure message="expected:&lt;[OK]&gt; but was:&lt;[COMPILE FAILED:&#10;C:\Users\bingb\AppData\Local\Temp\bdec-bytetest-9554352257536712880\compile-3822963127875154812\EnumDemo.java:4: 错误: 此处需要枚举常量&#10;    public static final com.bytecode.test.EnumDemo ONE;&#10;    ^&#10;1 个错误&#10;]&gt;" type="org.junit.ComparisonFailure"><![CDATA[org.junit.ComparisonFailure: 
expected:<[OK]> but was:<[COMPILE FAILED:
C:\Users\bingb\AppData\Local\Temp\bdec-bytetest-9554352257536712880\compile-3822963127875154812\EnumDemo.java:4: 错误: 此处需要枚举常量
    public static final com.bytecode.test.EnumDemo ONE;
    ^
1 个错误
]>
	at org.junit.Assert.assertEquals(Assert.java:117)
	at org.junit.Assert.assertEquals(Assert.java:146)
	at com.bingbaihanji.bdec.BytecodeTestRoundTripTest.testEnumDemoRoundTrip(BytecodeTestRoundTripTest.java:136)
	at java.base/jdk.internal.reflect.DirectMethodHandleAccessor.invoke(DirectMethodHandleAccessor.java:104)
	at java.base/java.lang.reflect.Method.invoke(Method.java:565)
	at org.junit.runners.model.FrameworkMethod$1.runReflectiveCall(FrameworkMethod.java:59)
	at org.junit.internal.runners.model.ReflectiveCallable.run(ReflectiveCallable.java:12)
	at org.junit.runners.model.FrameworkMethod.invokeExplosively(FrameworkMethod.java:56)
	at org.junit.internal.runners.statements.InvokeMethod.evaluate(InvokeMethod.java:17)
	at org.junit.internal.runners.statements.RunBefores.evaluate(RunBefores.java:26)
	at org.junit.internal.runners.statements.RunAfters.evaluate(RunAfters.java:27)
	at org.junit.runners.ParentRunner$3.evaluate(ParentRunner.java:306)
	at org.junit.runners.BlockJUnit4ClassRunner$1.evaluate(BlockJUnit4ClassRunner.java:100)
	at org.junit.runners.ParentRunner.runLeaf(ParentRunner.java:366)
	at org.junit.runners.BlockJUnit4ClassRunner.runChild(BlockJUnit4ClassRunner.java:103)
	at org.junit.runners.BlockJUnit4ClassRunner.runChild(BlockJUnit4ClassRunner.java:63)
	at org.junit.runners.ParentRunner$4.run(ParentRunner.java:331)
	at org.junit.runners.ParentRunner$1.schedule(ParentRunner.java:79)
	at org.junit.runners.ParentRunner.runChildren(ParentRunner.java:329)
	at org.junit.runners.ParentRunner.access$100(ParentRunner.java:66)
	at org.junit.runners.ParentRunner$2.evaluate(ParentRunner.java:293)
	at org.junit.runners.ParentRunner$3.evaluate(ParentRunner.java:306)
	at org.junit.runners.ParentRunner.run(ParentRunner.java:413)
	at org.apache.maven.surefire.junit4.JUnit4Provider.execute(JUnit4Provider.java:316)
	at org.apache.maven.surefire.junit4.JUnit4Provider.executeWithRerun(JUnit4Provider.java:240)
	at org.apache.maven.surefire.junit4.JUnit4Provider.executeTestSet(JUnit4Provider.java:214)
	at org.apache.maven.surefire.junit4.JUnit4Provider.invoke(JUnit4Provider.java:155)
	at org.apache.maven.surefire.booter.ForkedBooter.runSuitesInProcess(ForkedBooter.java:385)
	at org.apache.maven.surefire.booter.ForkedBooter.execute(ForkedBooter.java:162)
	at org.apache.maven.surefire.booter.ForkedBooter.run(ForkedBooter.java:507)
	at org.apache.maven.surefire.booter.ForkedBooter.main(ForkedBooter.java:495)
]]></failure>
  </testcase>
  <testcase name="testAnnotationDemoRoundTrip" classname="com.bingbaihanji.bdec.BytecodeTestRoundTripTest" time="0.052"/>
  <testcase name="testSealedParentRoundTrip" classname="com.bingbaihanji.bdec.BytecodeTestRoundTripTest" time="0.049"/>
  <testcase name="testBaseClassRoundTrip" classname="com.bingbaihanji.bdec.BytecodeTestRoundTripTest" time="0.051">
    <failure message="expected:&lt;[OK]&gt; but was:&lt;[COMPILE FAILED:&#10;C:\Users\bingb\AppData\Local\Temp\bdec-bytetest-15241704037857873422\compile-7728561907627469196\BaseClass.java:26: 错误: 已在方法 synchronizedMethod()中定义了变量 var2&#10;                    Throwable var2;&#10;                              ^&#10;C:\Users\bingb\AppData\Local\Temp\bdec-bytetest-15241704037857873422\compile-7728561907627469196\BaseClass.java:41: 错误: 返回外部方法&#10;        return;&#10;        ^&#10;2 个错误&#10;]&gt;" type="org.junit.ComparisonFailure"><![CDATA[org.junit.ComparisonFailure: 
expected:<[OK]> but was:<[COMPILE FAILED:
C:\Users\bingb\AppData\Local\Temp\bdec-bytetest-15241704037857873422\compile-7728561907627469196\BaseClass.java:26: 错误: 已在方法 synchronizedMethod()中定义了变量 var2
                    Throwable var2;
                              ^
C:\Users\bingb\AppData\Local\Temp\bdec-bytetest-15241704037857873422\compile-7728561907627469196\BaseClass.java:41: 错误: 返回外部方法
        return;
        ^
2 个错误
]>
	at org.junit.Assert.assertEquals(Assert.java:117)
	at org.junit.Assert.assertEquals(Assert.java:146)
	at com.bingbaihanji.bdec.BytecodeTestRoundTripTest.testBaseClassRoundTrip(BytecodeTestRoundTripTest.java:130)
	at java.base/jdk.internal.reflect.DirectMethodHandleAccessor.invoke(DirectMethodHandleAccessor.java:104)
	at java.base/java.lang.reflect.Method.invoke(Method.java:565)
	at org.junit.runners.model.FrameworkMethod$1.runReflectiveCall(FrameworkMethod.java:59)
	at org.junit.internal.runners.model.ReflectiveCallable.run(ReflectiveCallable.java:12)
	at org.junit.runners.model.FrameworkMethod.invokeExplosively(FrameworkMethod.java:56)
	at org.junit.internal.runners.statements.InvokeMethod.evaluate(InvokeMethod.java:17)
	at org.junit.internal.runners.statements.RunBefores.evaluate(RunBefores.java:26)
	at org.junit.internal.runners.statements.RunAfters.evaluate(RunAfters.java:27)
	at org.junit.runners.ParentRunner$3.evaluate(ParentRunner.java:306)
	at org.junit.runners.BlockJUnit4ClassRunner$1.evaluate(BlockJUnit4ClassRunner.java:100)
	at org.junit.runners.ParentRunner.runLeaf(ParentRunner.java:366)
	at org.junit.runners.BlockJUnit4ClassRunner.runChild(BlockJUnit4ClassRunner.java:103)
	at org.junit.runners.BlockJUnit4ClassRunner.runChild(BlockJUnit4ClassRunner.java:63)
	at org.junit.runners.ParentRunner$4.run(ParentRunner.java:331)
	at org.junit.runners.ParentRunner$1.schedule(ParentRunner.java:79)
	at org.junit.runners.ParentRunner.runChildren(ParentRunner.java:329)
	at org.junit.runners.ParentRunner.access$100(ParentRunner.java:66)
	at org.junit.runners.ParentRunner$2.evaluate(ParentRunner.java:293)
	at org.junit.runners.ParentRunner$3.evaluate(ParentRunner.java:306)
	at org.junit.runners.ParentRunner.run(ParentRunner.java:413)
	at org.apache.maven.surefire.junit4.JUnit4Provider.execute(JUnit4Provider.java:316)
	at org.apache.maven.surefire.junit4.JUnit4Provider.executeWithRerun(JUnit4Provider.java:240)
	at org.apache.maven.surefire.junit4.JUnit4Provider.executeTestSet(JUnit4Provider.java:214)
	at org.apache.maven.surefire.junit4.JUnit4Provider.invoke(JUnit4Provider.java:155)
	at org.apache.maven.surefire.booter.ForkedBooter.runSuitesInProcess(ForkedBooter.java:385)
	at org.apache.maven.surefire.booter.ForkedBooter.execute(ForkedBooter.java:162)
	at org.apache.maven.surefire.booter.ForkedBooter.run(ForkedBooter.java:507)
	at org.apache.maven.surefire.booter.ForkedBooter.main(ForkedBooter.java:495)
]]></failure>
  </testcase>
  <testcase name="testRecordDemoRoundTrip" classname="com.bingbaihanji.bdec.BytecodeTestRoundTripTest" time="0.093"/>
  <testcase name="testTestClass2RoundTrip" classname="com.bingbaihanji.bdec.BytecodeTestRoundTripTest" time="0.059">
    <failure message="expected:&lt;[OK]&gt; but was:&lt;[COMPILE FAILED:&#10;C:\Users\bingb\AppData\Local\Temp\bdec-bytetest-7178257967893893487\compile-1426726199936862305\TestClass2.java:60: 错误: 不是语句&#10;            System.out;&#10;                  ^&#10;C:\Users\bingb\AppData\Local\Temp\bdec-bytetest-7178257967893893487\compile-1426726199936862305\TestClass2.java:77: 错误: 不是语句&#10;                    System.out;&#10;                          ^&#10;C:\Users\bingb\AppData\Local\Temp\bdec-bytetest-7178257967893893487\compile-1426726199936862305\TestClass2.java:106: 错误: 不是语句&#10;        &quot;positive int&quot;;&#10;        ^&#10;C:\Users\bingb\AppData\Local\Temp\bdec-bytetest-7178257967893893487\compile-1426726199936862305\TestClass2.java:109: 错误: 不是语句&#10;            &quot;non-positive int&quot;;&#10;            ^&#10;C:\Users\bingb\AppData\Local\Temp\bdec-bytetest-7178257967893893487\compile-1426726199936862305\TestClass2.java:111: 错误: 不是语句&#10;        &quot;&quot; + (String) var2;&#10;           ^&#10;C:\Users\bingb\AppData\Local\Temp\bdec-bytetest-7178257967893893487\compile-1426726199936862305\TestClass2.java:112: 错误: 不是语句&#10;        &quot;null value&quot;;&#10;        ^&#10;C:\Users\bingb\AppData\Local\Temp\bdec-bytetest-7178257967893893487\compile-1426726199936862305\TestClass2.java:113: 错误: 不是语句&#10;        &quot;unknown&quot;;&#10;        ^&#10;C:\Users\bingb\AppData\Local\Temp\bdec-bytetest-7178257967893893487\compile-1426726199936862305\TestClass2.java:128: 错误: 非法的表达式开始&#10;            () -&gt; /* lambda$unnamedDemo$0 */;&#10;                                            ^&#10;C:\Users\bingb\AppData\Local\Temp\bdec-bytetest-7178257967893893487\compile-1426726199936862305\TestClass2.java:128: 错误: 不是语句&#10;            () -&gt; /* lambda$unnamedDemo$0 */;&#10;            ^&#10;C:\Users\bingb\AppData\Local\Temp\bdec-bytetest-7178257967893893487\compile-1426726199936862305\TestClass2.java:144: 错误: 非法的表达式开始&#10;        () -&gt; /* lambda$streamDemo$0 */;&#10;                                       ^&#10;C:\Users\bingb\AppData\Local\Temp\bdec-bytetest-7178257967893893487\compile-1426726199936862305\TestClass2.java:144: 错误: 不是语句&#10;        () -&gt; /* lambda$streamDemo$0 */;&#10;        ^&#10;11 个错误&#10;]&gt;" type="org.junit.ComparisonFailure"><![CDATA[org.junit.ComparisonFailure: 
expected:<[OK]> but was:<[COMPILE FAILED:
C:\Users\bingb\AppData\Local\Temp\bdec-bytetest-7178257967893893487\compile-1426726199936862305\TestClass2.java:60: 错误: 不是语句
            System.out;
                  ^
C:\Users\bingb\AppData\Local\Temp\bdec-bytetest-7178257967893893487\compile-1426726199936862305\TestClass2.java:77: 错误: 不是语句
                    System.out;
                          ^
C:\Users\bingb\AppData\Local\Temp\bdec-bytetest-7178257967893893487\compile-1426726199936862305\TestClass2.java:106: 错误: 不是语句
        "positive int";
        ^
C:\Users\bingb\AppData\Local\Temp\bdec-bytetest-7178257967893893487\compile-1426726199936862305\TestClass2.java:109: 错误: 不是语句
            "non-positive int";
            ^
C:\Users\bingb\AppData\Local\Temp\bdec-bytetest-7178257967893893487\compile-1426726199936862305\TestClass2.java:111: 错误: 不是语句
        "" + (String) var2;
           ^
C:\Users\bingb\AppData\Local\Temp\bdec-bytetest-7178257967893893487\compile-1426726199936862305\TestClass2.java:112: 错误: 不是语句
        "null value";
        ^
C:\Users\bingb\AppData\Local\Temp\bdec-bytetest-7178257967893893487\compile-1426726199936862305\TestClass2.java:113: 错误: 不是语句
        "unknown";
        ^
C:\Users\bingb\AppData\Local\Temp\bdec-bytetest-7178257967893893487\compile-1426726199936862305\TestClass2.java:128: 错误: 非法的表达式开始
            () -> /* lambda$unnamedDemo$0 */;
                                            ^
C:\Users\bingb\AppData\Local\Temp\bdec-bytetest-7178257967893893487\compile-1426726199936862305\TestClass2.java:128: 错误: 不是语句
            () -> /* lambda$unnamedDemo$0 */;
            ^
C:\Users\bingb\AppData\Local\Temp\bdec-bytetest-7178257967893893487\compile-1426726199936862305\TestClass2.java:144: 错误: 非法的表达式开始
        () -> /* lambda$streamDemo$0 */;
                                       ^
C:\Users\bingb\AppData\Local\Temp\bdec-bytetest-7178257967893893487\compile-1426726199936862305\TestClass2.java:144: 错误: 不是语句
        () -> /* lambda$streamDemo$0 */;
        ^
11 个错误
]>
	at org.junit.Assert.assertEquals(Assert.java:117)
	at org.junit.Assert.assertEquals(Assert.java:146)
	at com.bingbaihanji.bdec.BytecodeTestRoundTripTest.testTestClass2RoundTrip(BytecodeTestRoundTripTest.java:180)
	at java.base/jdk.internal.reflect.DirectMethodHandleAccessor.invoke(DirectMethodHandleAccessor.java:104)
	at java.base/java.lang.reflect.Method.invoke(Method.java:565)
	at org.junit.runners.model.FrameworkMethod$1.runReflectiveCall(FrameworkMethod.java:59)
	at org.junit.internal.runners.model.ReflectiveCallable.run(ReflectiveCallable.java:12)
	at org.junit.runners.model.FrameworkMethod.invokeExplosively(FrameworkMethod.java:56)
	at org.junit.internal.runners.statements.InvokeMethod.evaluate(InvokeMethod.java:17)
	at org.junit.internal.runners.statements.RunBefores.evaluate(RunBefores.java:26)
	at org.junit.internal.runners.statements.RunAfters.evaluate(RunAfters.java:27)
	at org.junit.runners.ParentRunner$3.evaluate(ParentRunner.java:306)
	at org.junit.runners.BlockJUnit4ClassRunner$1.evaluate(BlockJUnit4ClassRunner.java:100)
	at org.junit.runners.ParentRunner.runLeaf(ParentRunner.java:366)
	at org.junit.runners.BlockJUnit4ClassRunner.runChild(BlockJUnit4ClassRunner.java:103)
	at org.junit.runners.BlockJUnit4ClassRunner.runChild(BlockJUnit4ClassRunner.java:63)
	at org.junit.runners.ParentRunner$4.run(ParentRunner.java:331)
	at org.junit.runners.ParentRunner$1.schedule(ParentRunner.java:79)
	at org.junit.runners.ParentRunner.runChildren(ParentRunner.java:329)
	at org.junit.runners.ParentRunner.access$100(ParentRunner.java:66)
	at org.junit.runners.ParentRunner$2.evaluate(ParentRunner.java:293)
	at org.junit.runners.ParentRunner$3.evaluate(ParentRunner.java:306)
	at org.junit.runners.ParentRunner.run(ParentRunner.java:413)
	at org.apache.maven.surefire.junit4.JUnit4Provider.execute(JUnit4Provider.java:316)
	at org.apache.maven.surefire.junit4.JUnit4Provider.executeWithRerun(JUnit4Provider.java:240)
	at org.apache.maven.surefire.junit4.JUnit4Provider.executeTestSet(JUnit4Provider.java:214)
	at org.apache.maven.surefire.junit4.JUnit4Provider.invoke(JUnit4Provider.java:155)
	at org.apache.maven.surefire.booter.ForkedBooter.runSuitesInProcess(ForkedBooter.java:385)
	at org.apache.maven.surefire.booter.ForkedBooter.execute(ForkedBooter.java:162)
	at org.apache.maven.surefire.booter.ForkedBooter.run(ForkedBooter.java:507)
	at org.apache.maven.surefire.booter.ForkedBooter.main(ForkedBooter.java:495)
]]></failure>
    <system-err><![CDATA[=== TestClass2 decompile/compile failure ===
COMPILE FAILED:
C:\Users\bingb\AppData\Local\Temp\bdec-bytetest-7178257967893893487\compile-1426726199936862305\TestClass2.java:60: 错误: 不是语句
            System.out;
                  ^
C:\Users\bingb\AppData\Local\Temp\bdec-bytetest-7178257967893893487\compile-1426726199936862305\TestClass2.java:77: 错误: 不是语句
                    System.out;
                          ^
C:\Users\bingb\AppData\Local\Temp\bdec-bytetest-7178257967893893487\compile-1426726199936862305\TestClass2.java:106: 错误: 不是语句
        "positive int";
        ^
C:\Users\bingb\AppData\Local\Temp\bdec-bytetest-7178257967893893487\compile-1426726199936862305\TestClass2.java:109: 错误: 不是语句
            "non-positive int";
            ^
C:\Users\bingb\AppData\Local\Temp\bdec-bytetest-7178257967893893487\compile-1426726199936862305\TestClass2.java:111: 错误: 不是语句
        "" + (String) var2;
           ^
C:\Users\bingb\AppData\Local\Temp\bdec-bytetest-7178257967893893487\compile-1426726199936862305\TestClass2.java:112: 错误: 不是语句
        "null value";
        ^
C:\Users\bingb\AppData\Local\Temp\bdec-bytetest-7178257967893893487\compile-1426726199936862305\TestClass2.java:113: 错误: 不是语句
        "unknown";
        ^
C:\Users\bingb\AppData\Local\Temp\bdec-bytetest-7178257967893893487\compile-1426726199936862305\TestClass2.java:128: 错误: 非法的表达式开始
            () -> /* lambda$unnamedDemo$0 */;
                                            ^
C:\Users\bingb\AppData\Local\Temp\bdec-bytetest-7178257967893893487\compile-1426726199936862305\TestClass2.java:128: 错误: 不是语句
            () -> /* lambda$unnamedDemo$0 */;
            ^
C:\Users\bingb\AppData\Local\Temp\bdec-bytetest-7178257967893893487\compile-1426726199936862305\TestClass2.java:144: 错误: 非法的表达式开始
        () -> /* lambda$streamDemo$0 */;
                                       ^
C:\Users\bingb\AppData\Local\Temp\bdec-bytetest-7178257967893893487\compile-1426726199936862305\TestClass2.java:144: 错误: 不是语句
        () -> /* lambda$streamDemo$0 */;
        ^
11 个错误

]]></system-err>
  </testcase>
</testsuite>