<?xml version="1.0" encoding="UTF-8"?>
<testsuite xmlns:xsi="http://www.w3.org/2001/XMLSchema-instance" xsi:noNamespaceSchemaLocation="https://maven.apache.org/surefire/maven-surefire-plugin/xsd/surefire-test-report-3.0.xsd" version="3.0" name="com.bingbaihanji.bdec.BytecodeTestRoundTripTest" time="1.455" tests="14" errors="0" skipped="0" failures="1">
  <properties>
[...]
</properties>
  <testcase name="testInterfaceBRoundTrip" classname="com.bingbaihanji.bdec.BytecodeTestRoundTripTest" time="0.373"/>
  <testcase name="testTestClass1RoundTrip" classname="com.bingbaihanji.bdec.BytecodeTestRoundTripTest" time="0.314"/>
  <testcase name="testInterfaceARoundTrip" classname="com.bingbaihanji.bdec.BytecodeTestRoundTripTest" time="0.058"/>
  <testcase name="testSealedChild2RoundTrip" classname="com.bingbaihanji.bdec.BytecodeTestRoundTripTest" time="0.053"/>
  <testcase name="testSealedChild1RoundTrip" classname="com.bingbaihanji.bdec.BytecodeTestRoundTripTest" time="0.048"/>
  <testcase name="testEnumDemoRoundTrip" classname="com.bingbaihanji.bdec.BytecodeTestRoundTripTest" time="0.1"/>
  <testcase name="testAnnotationDemoRoundTrip" classname="com.bingbaihanji.bdec.BytecodeTestRoundTripTest" time="0.046"/>
  <testcase name="testSimpleStringTestRoundTrip" classname="com.bingbaihanji.bdec.BytecodeTestRoundTripTest" time="0.07"/>
  <testcase name="testSealedParentRoundTrip" classname="com.bingbaihanji.bdec.BytecodeTestRoundTripTest" time="0.043"/>
  <testcase name="testBaseClassRoundTrip" classname="com.bingbaihanji.bdec.BytecodeTestRoundTripTest" time="0.055"/>
  <testcase name="testRecordDemoRoundTrip" classname="com.bingbaihanji.bdec.BytecodeTestRoundTripTest" time="0.071"/>
  <testcase name="testSimpleForEachTestRoundTrip" classname="com.bingbaihanji.bdec.BytecodeTestRoundTripTest" time="0.049"/>
  <testcase name="testSimpleNewTestRoundTrip" classname="com.bingbaihanji.bdec.BytecodeTestRoundTripTest" time="0.048"/>
  <testcase name="testTestClass2RoundTrip" classname="com.bingbaihanji.bdec.BytecodeTestRoundTripTest" time="0.124">
    <failure message="expected:&lt;[OK]&gt; but was:&lt;[COMPILE FAILED:&#10;C:\Users\bingb\AppData\Local\Temp\bdec-bytetest-6762458350344778559\compile-13976026351451661380\TestClass2.java:41: 错误: 找不到符号&#10;        com.bytecode.test.TestClass2$1LocalClass lc = new com.bytecode.test.TestClass2$1LocalClass(this);&#10;                         ^&#10;  符号:   类 TestClass2$1LocalClass&#10;  位置: 程序包 com.bytecode.test&#10;C:\Users\bingb\AppData\Local\Temp\bdec-bytetest-6762458350344778559\compile-13976026351451661380\TestClass2.java:41: 错误: 找不到符号&#10;        com.bytecode.test.TestClass2$1LocalClass lc = new com.bytecode.test.TestClass2$1LocalClass(this);&#10;                                                                           ^&#10;  符号:   类 TestClass2$1LocalClass&#10;  位置: 程序包 com.bytecode.test&#10;C:\Users\bingb\AppData\Local\Temp\bdec-bytetest-6762458350344778559\compile-13976026351451661380\TestClass2.java:46: 错误: 找不到符号&#10;        com.bytecode.test.TestClass2$1 a = new com.bytecode.test.TestClass2$1(this);&#10;                         ^&#10;  符号:   类 TestClass2$1&#10;  位置: 程序包 com.bytecode.test&#10;C:\Users\bingb\AppData\Local\Temp\bdec-bytetest-6762458350344778559\compile-13976026351451661380\TestClass2.java:46: 错误: 找不到符号&#10;        com.bytecode.test.TestClass2$1 a = new com.bytecode.test.TestClass2$1(this);&#10;                                                                ^&#10;  符号:   类 TestClass2$1&#10;  位置: 程序包 com.bytecode.test&#10;C:\Users\bingb\AppData\Local\Temp\bdec-bytetest-6762458350344778559\compile-13976026351451661380\TestClass2.java:48: 错误: 找不到符号&#10;        com.bytecode.test.TestClass2$2 bc = new com.bytecode.test.TestClass2$2(this, 0, &quot;anon&quot;);&#10;                         ^&#10;  符号:   类 TestClass2$2&#10;  位置: 程序包 com.bytecode.test&#10;C:\Users\bingb\AppData\Local\Temp\bdec-bytetest-6762458350344778559\compile-13976026351451661380\TestClass2.java:48: 错误: 找不到符号&#10;        com.bytecode.test.TestClass2$2 bc = new com.bytecode.test.TestClass2$2(this, 0, &quot;anon&quot;);&#10;                                                                 ^&#10;  符号:   类 TestClass2$2&#10;  位置: 程序包 com.bytecode.test&#10;C:\Users\bingb\AppData\Local\Temp\bdec-bytetest-6762458350344778559\compile-13976026351451661380\TestClass2.java:65: 错误: 找不到符号&#10;                com.bytecode.test.RecordDemo var3 = (com.bytecode.test.RecordDemo) obj;&#10;                                                                                   ^&#10;  符号:   变量 obj&#10;  位置: 类 TestClass2&#10;C:\Users\bingb\AppData\Local\Temp\bdec-bytetest-6762458350344778559\compile-13976026351451661380\TestClass2.java:66: 错误: 不兼容的类型: 意外的返回值&#10;                return var3.name();&#10;                                ^&#10;C:\Users\bingb\AppData\Local\Temp\bdec-bytetest-6762458350344778559\compile-13976026351451661380\TestClass2.java:69: 错误: 不兼容的类型: 意外的返回值&#10;                return var3.age();&#10;                               ^&#10;C:\Users\bingb\AppData\Local\Temp\bdec-bytetest-6762458350344778559\compile-13976026351451661380\TestClass2.java:70: 错误: 不兼容的类型: int无法转换为String&#10;                var6 = var3.age();&#10;                               ^&#10;C:\Users\bingb\AppData\Local\Temp\bdec-bytetest-6762458350344778559\compile-13976026351451661380\TestClass2.java:71: 错误: 不兼容的类型: String无法转换为int&#10;                int var7 = var6;&#10;                           ^&#10;C:\Users\bingb\AppData\Local\Temp\bdec-bytetest-6762458350344778559\compile-13976026351451661380\TestClass2.java:73: 错误: 已在方法 recordDemo()中定义了变量 var6&#10;                    int var6 = 0;&#10;                        ^&#10;C:\Users\bingb\AppData\Local\Temp\bdec-bytetest-6762458350344778559\compile-13976026351451661380\TestClass2.java:75: 错误: 已在方法 recordDemo()中定义了变量 name&#10;                    int name = 0;&#10;                        ^&#10;C:\Users\bingb\AppData\Local\Temp\bdec-bytetest-6762458350344778559\compile-13976026351451661380\TestClass2.java:76: 错误: 找不到符号&#10;                    makeConcatWithConstants(name, age);&#10;                    ^&#10;  符号:   方法 makeConcatWithConstants(int,int)&#10;  位置: 类 TestClass2&#10;C:\Users\bingb\AppData\Local\Temp\bdec-bytetest-6762458350344778559\compile-13976026351451661380\TestClass2.java:81: 错误: 找不到符号&#10;            String var3 = var3.name();&#10;                              ^&#10;  符号:   方法 name()&#10;  位置: 类型为String的变量 var3&#10;C:\Users\bingb\AppData\Local\Temp\bdec-bytetest-6762458350344778559\compile-13976026351451661380\TestClass2.java:82: 错误: 找不到符号&#10;            MatchException(var3.toString(), var3);&#10;            ^&#10;  符号:   方法 MatchException(String,String)&#10;  位置: 类 TestClass2&#10;C:\Users\bingb\AppData\Local\Temp\bdec-bytetest-6762458350344778559\compile-13976026351451661380\TestClass2.java:100: 错误: 找不到符号&#10;        if ((Integer) var2.intValue() &gt; 0) {&#10;                          ^&#10;  符号:   方法 intValue()&#10;  位置: 类型为Object的变量 var2&#10;注: C:\Users\bingb\AppData\Local\Temp\bdec-bytetest-6762458350344778559\compile-13976026351451661380\TestClass2.java使用了未经检查或不安全的操作。&#10;注: 有关详细信息, 请使用 -Xlint:unchecked 重新编译。&#10;17 个错误&#10;]&gt;" type="org.junit.ComparisonFailure"><![CDATA[org.junit.ComparisonFailure: 
expected:<[OK]> but was:<[COMPILE FAILED:
C:\Users\bingb\AppData\Local\Temp\bdec-bytetest-6762458350344778559\compile-13976026351451661380\TestClass2.java:41: 错误: 找不到符号
        com.bytecode.test.TestClass2$1LocalClass lc = new com.bytecode.test.TestClass2$1LocalClass(this);
                         ^
  符号:   类 TestClass2$1LocalClass
  位置: 程序包 com.bytecode.test
C:\Users\bingb\AppData\Local\Temp\bdec-bytetest-6762458350344778559\compile-13976026351451661380\TestClass2.java:41: 错误: 找不到符号
        com.bytecode.test.TestClass2$1LocalClass lc = new com.bytecode.test.TestClass2$1LocalClass(this);
                                                                           ^
  符号:   类 TestClass2$1LocalClass
  位置: 程序包 com.bytecode.test
C:\Users\bingb\AppData\Local\Temp\bdec-bytetest-6762458350344778559\compile-13976026351451661380\TestClass2.java:46: 错误: 找不到符号
        com.bytecode.test.TestClass2$1 a = new com.bytecode.test.TestClass2$1(this);
                         ^
  符号:   类 TestClass2$1
  位置: 程序包 com.bytecode.test
C:\Users\bingb\AppData\Local\Temp\bdec-bytetest-6762458350344778559\compile-13976026351451661380\TestClass2.java:46: 错误: 找不到符号
        com.bytecode.test.TestClass2$1 a = new com.bytecode.test.TestClass2$1(this);
                                                                ^
  符号:   类 TestClass2$1
  位置: 程序包 com.bytecode.test
C:\Users\bingb\AppData\Local\Temp\bdec-bytetest-6762458350344778559\compile-13976026351451661380\TestClass2.java:48: 错误: 找不到符号
        com.bytecode.test.TestClass2$2 bc = new com.bytecode.test.TestClass2$2(this, 0, "anon");
                         ^
  符号:   类 TestClass2$2
  位置: 程序包 com.bytecode.test
C:\Users\bingb\AppData\Local\Temp\bdec-bytetest-6762458350344778559\compile-13976026351451661380\TestClass2.java:48: 错误: 找不到符号
        com.bytecode.test.TestClass2$2 bc = new com.bytecode.test.TestClass2$2(this, 0, "anon");
                                                                 ^
  符号:   类 TestClass2$2
  位置: 程序包 com.bytecode.test
C:\Users\bingb\AppData\Local\Temp\bdec-bytetest-6762458350344778559\compile-13976026351451661380\TestClass2.java:65: 错误: 找不到符号
                com.bytecode.test.RecordDemo var3 = (com.bytecode.test.RecordDemo) obj;
                                                                                   ^
  符号:   变量 obj
  位置: 类 TestClass2
C:\Users\bingb\AppData\Local\Temp\bdec-bytetest-6762458350344778559\compile-13976026351451661380\TestClass2.java:66: 错误: 不兼容的类型: 意外的返回值
                return var3.name();
                                ^
C:\Users\bingb\AppData\Local\Temp\bdec-bytetest-6762458350344778559\compile-13976026351451661380\TestClass2.java:69: 错误: 不兼容的类型: 意外的返回值
                return var3.age();
                               ^
C:\Users\bingb\AppData\Local\Temp\bdec-bytetest-6762458350344778559\compile-13976026351451661380\TestClass2.java:70: 错误: 不兼容的类型: int无法转换为String
                var6 = var3.age();
                               ^
C:\Users\bingb\AppData\Local\Temp\bdec-bytetest-6762458350344778559\compile-13976026351451661380\TestClass2.java:71: 错误: 不兼容的类型: String无法转换为int
                int var7 = var6;
                           ^
C:\Users\bingb\AppData\Local\Temp\bdec-bytetest-6762458350344778559\compile-13976026351451661380\TestClass2.java:73: 错误: 已在方法 recordDemo()中定义了变量 var6
                    int var6 = 0;
                        ^
C:\Users\bingb\AppData\Local\Temp\bdec-bytetest-6762458350344778559\compile-13976026351451661380\TestClass2.java:75: 错误: 已在方法 recordDemo()中定义了变量 name
                    int name = 0;
                        ^
C:\Users\bingb\AppData\Local\Temp\bdec-bytetest-6762458350344778559\compile-13976026351451661380\TestClass2.java:76: 错误: 找不到符号
                    makeConcatWithConstants(name, age);
                    ^
  符号:   方法 makeConcatWithConstants(int,int)
  位置: 类 TestClass2
C:\Users\bingb\AppData\Local\Temp\bdec-bytetest-6762458350344778559\compile-13976026351451661380\TestClass2.java:81: 错误: 找不到符号
            String var3 = var3.name();
                              ^
  符号:   方法 name()
  位置: 类型为String的变量 var3
C:\Users\bingb\AppData\Local\Temp\bdec-bytetest-6762458350344778559\compile-13976026351451661380\TestClass2.java:82: 错误: 找不到符号
            MatchException(var3.toString(), var3);
            ^
  符号:   方法 MatchException(String,String)
  位置: 类 TestClass2
C:\Users\bingb\AppData\Local\Temp\bdec-bytetest-6762458350344778559\compile-13976026351451661380\TestClass2.java:100: 错误: 找不到符号
        if ((Integer) var2.intValue() > 0) {
                          ^
  符号:   方法 intValue()
  位置: 类型为Object的变量 var2
注: C:\Users\bingb\AppData\Local\Temp\bdec-bytetest-6762458350344778559\compile-13976026351451661380\TestClass2.java使用了未经检查或不安全的操作。
注: 有关详细信息, 请使用 -Xlint:unchecked 重新编译。
17 个错误
]>
	at org.junit.Assert.assertEquals(Assert.java:117)
	at org.junit.Assert.assertEquals(Assert.java:146)
	at com.bingbaihanji.bdec.BytecodeTestRoundTripTest.testTestClass2RoundTrip(BytecodeTestRoundTripTest.java:199)
	at java.base/jdk.internal.reflect.DirectMethodHandleAccessor.invoke(DirectMethodHandleAccessor.java:104)
	at java.base/java.lang.reflect.Method.invoke(Method.java:565)
	at org.junit.runners.model.FrameworkMethod$1.runReflectiveCall(FrameworkMethod.java:59)
	at org.junit.internal.runners.model.ReflectiveCallable.run(ReflectiveCallable.java:12)
	at org.junit.runners.model.FrameworkMethod.invokeExplosively(FrameworkMethod.java:56)
	at org.junit.internal.runners.statements.InvokeMethod.evaluate(InvokeMethod.java:17)
	at org.junit.internal.runners.statements.RunBefores.evaluate(RunBefores.java:26)
	at org.junit.internal.runners.statements.RunAfters.evaluate(RunAfters.java:27)
	at org.junit.runners.ParentRunner$3.evaluate(ParentRunner.java:306)
	at org.junit.runners.BlockJUnit4ClassRunner$1.evaluate(BlockJUnit4ClassRunner.java:100)
	at org.junit.runners.ParentRunner.runLeaf(ParentRunner.java:366)
	at org.junit.runners.BlockJUnit4ClassRunner.runChild(BlockJUnit4ClassRunner.java:103)
	at org.junit.runners.BlockJUnit4ClassRunner.runChild(BlockJUnit4ClassRunner.java:63)
	at org.junit.runners.ParentRunner$4.run(ParentRunner.java:331)
	at org.junit.runners.ParentRunner$1.schedule(ParentRunner.java:79)
	at org.junit.runners.ParentRunner.runChildren(ParentRunner.java:329)
	at org.junit.runners.ParentRunner.access$100(ParentRunner.java:66)
	at org.junit.runners.ParentRunner$2.evaluate(ParentRunner.java:293)
	at org.junit.runners.ParentRunner$3.evaluate(ParentRunner.java:306)
	at org.junit.runners.ParentRunner.run(ParentRunner.java:413)
	at org.apache.maven.surefire.junit4.JUnit4Provider.execute(JUnit4Provider.java:316)
	at org.apache.maven.surefire.junit4.JUnit4Provider.executeWithRerun(JUnit4Provider.java:240)
	at org.apache.maven.surefire.junit4.JUnit4Provider.executeTestSet(JUnit4Provider.java:214)
	at org.apache.maven.surefire.junit4.JUnit4Provider.invoke(JUnit4Provider.java:155)
	at org.apache.maven.surefire.booter.ForkedBooter.runSuitesInProcess(ForkedBooter.java:385)
	at org.apache.maven.surefire.booter.ForkedBooter.execute(ForkedBooter.java:162)
	at org.apache.maven.surefire.booter.ForkedBooter.run(ForkedBooter.java:507)
	at org.apache.maven.surefire.booter.ForkedBooter.main(ForkedBooter.java:495)
]]></failure>
    <system-err><![CDATA[=== TestClass2 decompile/compile failure ===
COMPILE FAILED:
C:\Users\bingb\AppData\Local\Temp\bdec-bytetest-6762458350344778559\compile-13976026351451661380\TestClass2.java:41: 错误: 找不到符号
        com.bytecode.test.TestClass2$1LocalClass lc = new com.bytecode.test.TestClass2$1LocalClass(this);
                         ^
  符号:   类 TestClass2$1LocalClass
  位置: 程序包 com.bytecode.test
C:\Users\bingb\AppData\Local\Temp\bdec-bytetest-6762458350344778559\compile-13976026351451661380\TestClass2.java:41: 错误: 找不到符号
        com.bytecode.test.TestClass2$1LocalClass lc = new com.bytecode.test.TestClass2$1LocalClass(this);
                                                                           ^
  符号:   类 TestClass2$1LocalClass
  位置: 程序包 com.bytecode.test
C:\Users\bingb\AppData\Local\Temp\bdec-bytetest-6762458350344778559\compile-13976026351451661380\TestClass2.java:46: 错误: 找不到符号
        com.bytecode.test.TestClass2$1 a = new com.bytecode.test.TestClass2$1(this);
                         ^
  符号:   类 TestClass2$1
  位置: 程序包 com.bytecode.test
C:\Users\bingb\AppData\Local\Temp\bdec-bytetest-6762458350344778559\compile-13976026351451661380\TestClass2.java:46: 错误: 找不到符号
        com.bytecode.test.TestClass2$1 a = new com.bytecode.test.TestClass2$1(this);
                                                                ^
  符号:   类 TestClass2$1
  位置: 程序包 com.bytecode.test
C:\Users\bingb\AppData\Local\Temp\bdec-bytetest-6762458350344778559\compile-13976026351451661380\TestClass2.java:48: 错误: 找不到符号
        com.bytecode.test.TestClass2$2 bc = new com.bytecode.test.TestClass2$2(this, 0, "anon");
                         ^
  符号:   类 TestClass2$2
  位置: 程序包 com.bytecode.test
C:\Users\bingb\AppData\Local\Temp\bdec-bytetest-6762458350344778559\compile-13976026351451661380\TestClass2.java:48: 错误: 找不到符号
        com.bytecode.test.TestClass2$2 bc = new com.bytecode.test.TestClass2$2(this, 0, "anon");
                                                                 ^
  符号:   类 TestClass2$2
  位置: 程序包 com.bytecode.test
C:\Users\bingb\AppData\Local\Temp\bdec-bytetest-6762458350344778559\compile-13976026351451661380\TestClass2.java:65: 错误: 找不到符号
                com.bytecode.test.RecordDemo var3 = (com.bytecode.test.RecordDemo) obj;
                                                                                   ^
  符号:   变量 obj
  位置: 类 TestClass2
C:\Users\bingb\AppData\Local\Temp\bdec-bytetest-6762458350344778559\compile-13976026351451661380\TestClass2.java:66: 错误: 不兼容的类型: 意外的返回值
                return var3.name();
                                ^
C:\Users\bingb\AppData\Local\Temp\bdec-bytetest-6762458350344778559\compile-13976026351451661380\TestClass2.java:69: 错误: 不兼容的类型: 意外的返回值
                return var3.age();
                               ^
C:\Users\bingb\AppData\Local\Temp\bdec-bytetest-6762458350344778559\compile-13976026351451661380\TestClass2.java:70: 错误: 不兼容的类型: int无法转换为String
                var6 = var3.age();
                               ^
C:\Users\bingb\AppData\Local\Temp\bdec-bytetest-6762458350344778559\compile-13976026351451661380\TestClass2.java:71: 错误: 不兼容的类型: String无法转换为int
                int var7 = var6;
                           ^
C:\Users\bingb\AppData\Local\Temp\bdec-bytetest-6762458350344778559\compile-13976026351451661380\TestClass2.java:73: 错误: 已在方法 recordDemo()中定义了变量 var6
                    int var6 = 0;
                        ^
C:\Users\bingb\AppData\Local\Temp\bdec-bytetest-6762458350344778559\compile-13976026351451661380\TestClass2.java:75: 错误: 已在方法 recordDemo()中定义了变量 name
                    int name = 0;
                        ^
C:\Users\bingb\AppData\Local\Temp\bdec-bytetest-6762458350344778559\compile-13976026351451661380\TestClass2.java:76: 错误: 找不到符号
                    makeConcatWithConstants(name, age);
                    ^
  符号:   方法 makeConcatWithConstants(int,int)
  位置: 类 TestClass2
C:\Users\bingb\AppData\Local\Temp\bdec-bytetest-6762458350344778559\compile-13976026351451661380\TestClass2.java:81: 错误: 找不到符号
            String var3 = var3.name();
                              ^
  符号:   方法 name()
  位置: 类型为String的变量 var3
C:\Users\bingb\AppData\Local\Temp\bdec-bytetest-6762458350344778559\compile-13976026351451661380\TestClass2.java:82: 错误: 找不到符号
            MatchException(var3.toString(), var3);
            ^
  符号:   方法 MatchException(String,String)
  位置: 类 TestClass2
C:\Users\bingb\AppData\Local\Temp\bdec-bytetest-6762458350344778559\compile-13976026351451661380\TestClass2.java:100: 错误: 找不到符号
        if ((Integer) var2.intValue() > 0) {
                          ^
  符号:   方法 intValue()
  位置: 类型为Object的变量 var2
注: C:\Users\bingb\AppData\Local\Temp\bdec-bytetest-6762458350344778559\compile-13976026351451661380\TestClass2.java使用了未经检查或不安全的操作。
注: 有关详细信息, 请使用 -Xlint:unchecked 重新编译。
17 个错误

]]></system-err>
  </testcase>
</testsuite>