<?xml version="1.0" encoding="UTF-8"?>
<testsuite xmlns:xsi="http://www.w3.org/2001/XMLSchema-instance" xsi:noNamespaceSchemaLocation="https://maven.apache.org/surefire/maven-surefire-plugin/xsd/surefire-test-report-3.0.xsd" version="3.0" name="com.bingbaihanji.bdec.DiagnosticDetail" time="0.539" tests="1" errors="0" skipped="0" failures="0">
  <properties>
[...]
</properties>
  <testcase name="dumpTryFinallyCfg" classname="com.bingbaihanji.bdec.DiagnosticDetail" time="0.49">
    <system-out><![CDATA[=== Method: test()I ===
Exception handlers:
  startPc=7 endPc=10 handlerPc=19 catchType=null
Instructions:
  offset=0 aload_0 operands=[]
  offset=1 getfield operands=[10]
  offset=4 invokevirtual operands=[16]
  offset=7 bipush operands=[42]
  offset=9 istore_1 operands=[]
  offset=10 aload_0 operands=[]
  offset=11 getfield operands=[10]
  offset=14 invokevirtual operands=[18]
  offset=17 iload_1 operands=[]
  offset=18 ireturn operands=[]
  offset=19 astore_2 operands=[]
  offset=20 aload_0 operands=[]
  offset=21 getfield operands=[10]
  offset=24 invokevirtual operands=[18]
  offset=27 aload_2 operands=[]
  offset=28 athrow operands=[]

Blocks:
  B0 start=0 insns=3 last=invokevirtual
    edges: FALL_THROUGH→B1 
  B1 start=7 insns=2 last=istore_1
    edges: FALL_THROUGH→B2 EXCEPTION→B3 
  B2 start=10 insns=5 last=ireturn
    edges: RETURN→B5 
  B3 start=19 insns=6 last=athrow
    edges: RETURN→B5 

IR instructions:
  id=0 LOAD block=0 offset=0 ops=[this(v0)]
  id=1 FIELD_LOAD block=0 offset=1 ops=[this(v0)]
  id=2 INVOKE block=0 offset=4 ops=[InstructionRef[instruction=1: FIELD_LOAD 'lock' [this(v0)] -> JavaType[kind=CLASS, internalName=java/lang/Object, descriptor=Ljava/lang/Object;, typeArguments=[], arrayDimensions=0], type=JavaType[kind=CLASS, internalName=java/lang/Object, descriptor=Ljava/lang/Object;, typeArguments=[], arrayDimensions=0]]]
  id=3 STORE block=1 offset=9 ops=[var1(v1), ConstantValue[value=42, type=JavaType[kind=INT, internalName=null, descriptor=I, typeArguments=[], arrayDimensions=0]]]
  id=4 LOAD block=3 offset=20 ops=[this(v0)]
  id=5 FIELD_LOAD block=3 offset=21 ops=[this(v0)]
  id=6 INVOKE block=3 offset=24 ops=[InstructionRef[instruction=5: FIELD_LOAD 'lock' [this(v0)] -> JavaType[kind=CLASS, internalName=java/lang/Object, descriptor=Ljava/lang/Object;, typeArguments=[], arrayDimensions=0], type=JavaType[kind=CLASS, internalName=java/lang/Object, descriptor=Ljava/lang/Object;, typeArguments=[], arrayDimensions=0]]]
  id=7 LOAD block=3 offset=27 ops=[var2(v0)]
  id=8 THROW block=3 offset=28 ops=[var2(v0)]
  id=9 LOAD block=2 offset=10 ops=[this(v0)]
  id=10 FIELD_LOAD block=2 offset=11 ops=[this(v0)]
  id=11 INVOKE block=2 offset=14 ops=[InstructionRef[instruction=10: FIELD_LOAD 'lock' [this(v0)] -> JavaType[kind=CLASS, internalName=java/lang/Object, descriptor=Ljava/lang/Object;, typeArguments=[], arrayDimensions=0], type=JavaType[kind=CLASS, internalName=java/lang/Object, descriptor=Ljava/lang/Object;, typeArguments=[], arrayDimensions=0]]]
  id=12 LOAD block=2 offset=17 ops=[var1(v1)]
  id=13 RETURN block=2 offset=18 ops=[var1(v1)]

Structured AST:
Block:
  Expr: com.bingbaihanji.bdec.ast.expr.InvocationExpr@702b8b12
  Try:
    Expr: com.bingbaihanji.bdec.ast.expr.AssignExpr@22e357dc
  Finally:
    Block:
      Expr: com.bingbaihanji.bdec.ast.expr.InvocationExpr@49912c99
  Block:
    Expr: com.bingbaihanji.bdec.ast.expr.InvocationExpr@10163d6
    Return: com.bingbaihanji.bdec.ast.expr.VarExpr@2dde1bff
]]></system-out>
  </testcase>
</testsuite>